2730372 2730272 475
2730222 2730422 475
1365211 1365111 474
1365061 1365261 474
4095534 4095434 473
4095384 4095584 473
2047792 2047692 472
2047642 2047842 472
1023921 1023821 471
1023771 1023971 471
3071664 3071564 470
3071514 3071714 470
1535857 1535757 469
1535707 1535907 469
4607472 4607372 468
4607322 4607522 468
2303761 2303661 467
2303611 2303811 467
6911184 6911084 466
6911034 6911234 466
3455617 3455517 465
3455467 3455667 465
10366752 10366652 464
10366602 10366802 464
5183401 5183301 463
5183251 5183451 463
15550104 15550004 462
15549954 15550154 462
7775077 7774977 461
7774927 7775127 461
23325132 23325032 460
23324982 23325182 460
11662591 11662491 459
11662441 11662641 459
34987674 34987574 458
34987524 34987724 458
17493862 17493762 457
17493712 17493912 457
8746956 8746856 456
8746806 8747006 456
4373503 4373403 455
4373353 4373553 455
13120410 13120310 454
13120260 13120460 454
6560230 6560130 453
6560080 6560280 453
3280140 3280040 452
3279990 3280190 452
1640095 1639995 451
1639945 1640145 451
4920186 4920086 450
4920036 4920236 450
2460118 2460018 449
2459968 2460168 449
1230084 1229984 448
1229934 1230134 448
615067 614967 447
614917 615117 447
1845102 1845002 446
1844952 1845152 446
922576 922476 445
922426 922626 445
461313 461213 444
461163 461363 444
1383840 1383740 443
1383690 1383890 443
691945 691845 442
691795 691995 442
2075736 2075636 441
2075586 2075786 441
1037893 1037793 440
1037743 1037943 440
3113580 3113480 439
3113430 3113630 439
1556815 1556715 438
1556665 1556865 438
4670346 4670246 437
4670196 4670396 437
2335198 2335098 436
2335048 2335248 436
1167624 1167524 435
1167474 1167674 435
583837 583737 434
583687 583887 434
1751412 1751312 433
1751262 1751462 433
875731 875631 432
875581 875781 432
2627094 2626994 431
2626944 2627144 431
1313572 1313472 430
1313422 1313622 430
656811 656711 429
656661 656861 429
1970334 1970234 428
1970184 1970384 428
985192 985092 427
985042 985242 427
492621 492521 426
492471 492671 426
